2026-01-14 12:32:39,505 - INFO - Solicitud creada: usuario=vendedor1 sku=HP30B-CTO-01 precio=17000.0 nivel_autorizador=Gerencia_Comercial
2026-01-14 12:32:48,142 - ERROR - Acceso denegado a historial: usuario=vendedor1, rol=Vendedor
2026-01-14 13:16:37,684 - INFO - Solicitud creada: usuario=vendedor1 sku=1199-00042-01 precio=40000.0 nivel_autorizador=Gerencia_Comercial
2026-01-14 13:16:43,047 - ERROR - Acceso denegado a historial: usuario=vendedor1, rol=Vendedor
2026-01-14 13:27:43,025 - INFO - Solicitud creada: usuario=vendedor1 sku=HP30B-CTO-01 precio=12500.0 nivel_autorizador=Gerencia_Comercial
2026-01-14 18:15:27,195 - INFO - Solicitud creada: usuario=vendedor1 sku=1199-00046-01 precio=3800.0 nivel_autorizador=Gerencia_Comercial
2026-01-15 14:45:13,706 - WARNING - [DEBUG-MIDDLEWARE] path=/metrics headers={'authorization': request.headers.get('authorization', None), 'cookie': request.headers.get('cookie', None)}
2026-01-15 14:45:28,699 - WARNING - [DEBUG-MIDDLEWARE] path=/metrics headers={'authorization': request.headers.get('authorization', None), 'cookie': request.headers.get('cookie', None)}
2026-01-15 14:45:43,697 - WARNING - [DEBUG-MIDDLEWARE] path=/metrics headers={'authorization': request.headers.get('authorization', None), 'cookie': request.headers.get('cookie', None)}
2026-01-15 14:45:58,697 - WARNING - [DEBUG-MIDDLEWARE] path=/metrics headers={'authorization': request.headers.get('authorization', None), 'cookie': request.headers.get('cookie', None)}
2026-01-15 14:46:13,697 - WARNING - [DEBUG-MIDDLEWARE] path=/metrics headers={'authorization': request.headers.get('authorization', None), 'cookie': request.headers.get('cookie', None)}
2026-01-15 14:46:28,697 - WARNING - [DEBUG-MIDDLEWARE] path=/metrics headers={'authorization': request.headers.get('authorization', None), 'cookie': request.headers.get('cookie', None)}
2026-01-15 14:46:43,694 - WARNING - [DEBUG-MIDDLEWARE] path=/metrics headers={'authorization': request.headers.get('authorization', None), 'cookie': request.headers.get('cookie', None)}
2026-01-15 14:46:58,696 - WARNING - [DEBUG-MIDDLEWARE] path=/metrics headers={'authorization': request.headers.get('authorization', None), 'cookie': request.headers.get('cookie', None)}
2026-01-15 14:47:13,691 - WARNING - [DEBUG-MIDDLEWARE] path=/metrics headers={'authorization': request.headers.get('authorization', None), 'cookie': request.headers.get('cookie', None)}
2026-01-15 14:47:28,692 - WARNING - [DEBUG-MIDDLEWARE] path=/metrics headers={'authorization': request.headers.get('authorization', None), 'cookie': request.headers.get('cookie', None)}
2026-01-15 14:47:43,690 - WARNING - [DEBUG-MIDDLEWARE] path=/metrics headers={'authorization': request.headers.get('authorization', None), 'cookie': request.headers.get('cookie', None)}
2026-01-15 14:47:58,690 - WARNING - [DEBUG-MIDDLEWARE] path=/metrics headers={'authorization': request.headers.get('authorization', None), 'cookie': request.headers.get('cookie', None)}
2026-01-15 14:48:13,688 - WARNING - [DEBUG-MIDDLEWARE] path=/metrics headers={'authorization': request.headers.get('authorization', None), 'cookie': request.headers.get('cookie', None)}
2026-01-15 14:48:28,689 - WARNING - [DEBUG-MIDDLEWARE] path=/metrics headers={'authorization': request.headers.get('authorization', None), 'cookie': request.headers.get('cookie', None)}
2026-01-15 14:48:43,687 - WARNING - [DEBUG-MIDDLEWARE] path=/metrics headers={'authorization': request.headers.get('authorization', None), 'cookie': request.headers.get('cookie', None)}
2026-01-15 14:48:58,687 - WARNING - [DEBUG-MIDDLEWARE] path=/metrics headers={'authorization': request.headers.get('authorization', None), 'cookie': request.headers.get('cookie', None)}
2026-01-15 14:49:13,687 - WARNING - [DEBUG-MIDDLEWARE] path=/metrics headers={'authorization': request.headers.get('authorization', None), 'cookie': request.headers.get('cookie', None)}
2026-01-15 14:49:28,685 - WARNING - [DEBUG-MIDDLEWARE] path=/metrics headers={'authorization': request.headers.get('authorization', None), 'cookie': request.headers.get('cookie', None)}
2026-01-15 14:49:43,685 - WARNING - [DEBUG-MIDDLEWARE] path=/metrics headers={'authorization': request.headers.get('authorization', None), 'cookie': request.headers.get('cookie', None)}
2026-01-15 14:49:58,685 - WARNING - [DEBUG-MIDDLEWARE] path=/metrics headers={'authorization': request.headers.get('authorization', None), 'cookie': request.headers.get('cookie', None)}
2026-01-15 14:50:13,683 - WARNING - [DEBUG-MIDDLEWARE] path=/metrics headers={'authorization': request.headers.get('authorization', None), 'cookie': request.headers.get('cookie', None)}
2026-01-15 14:50:58,686 - WARNING - [DEBUG-MIDDLEWARE] path=/metrics headers={'authorization': request.headers.get('authorization', None), 'cookie': request.headers.get('cookie', None)}
2026-01-15 14:51:13,680 - WARNING - [DEBUG-MIDDLEWARE] path=/metrics headers={'authorization': request.headers.get('authorization', None), 'cookie': request.headers.get('cookie', None)}
2026-01-15 14:51:28,680 - WARNING - [DEBUG-MIDDLEWARE] path=/metrics headers={'authorization': request.headers.get('authorization', None), 'cookie': request.headers.get('cookie', None)}
2026-01-15 14:51:43,679 - WARNING - [DEBUG-MIDDLEWARE] path=/metrics headers={'authorization': request.headers.get('authorization', None), 'cookie': request.headers.get('cookie', None)}
2026-01-15 14:51:58,677 - WARNING - [DEBUG-MIDDLEWARE] path=/metrics headers={'authorization': request.headers.get('authorization', None), 'cookie': request.headers.get('cookie', None)}
2026-01-15 15:21:09,950 - WARNING - [DEBUG-MIDDLEWARE] path=/health headers={'authorization': request.headers.get('authorization', None), 'cookie': request.headers.get('cookie', None)}
2026-01-15 15:21:10,063 - WARNING - [DEBUG-MIDDLEWARE] path=/catalog/productos headers={'authorization': request.headers.get('authorization', None), 'cookie': request.headers.get('cookie', None)}
2026-01-15 15:21:10,064 - WARNING - [DEBUG-MIDDLEWARE] path=/catalog/productos headers={'authorization': request.headers.get('authorization', None), 'cookie': request.headers.get('cookie', None)}
2026-01-15 15:21:10,315 - WARNING - [DEBUG-MIDDLEWARE] path=/auth/me headers={'authorization': request.headers.get('authorization', None), 'cookie': request.headers.get('cookie', None)}
2026-01-15 15:21:10,317 - WARNING - [DEBUG-MIDDLEWARE] path=/auth/me headers={'authorization': request.headers.get('authorization', None), 'cookie': request.headers.get('cookie', None)}
2026-01-15 15:21:10,533 - WARNING - [DEBUG-MIDDLEWARE] path=/autorizaciones/pendientes headers={'authorization': request.headers.get('authorization', None), 'cookie': request.headers.get('cookie', None)}
2026-01-15 15:21:10,533 - WARNING - [DEBUG-MIDDLEWARE] path=/autorizaciones/procesadas headers={'authorization': request.headers.get('authorization', None), 'cookie': request.headers.get('cookie', None)}
2026-01-15 15:21:10,536 - WARNING - [DEBUG-MIDDLEWARE] path=/autorizaciones/pendientes headers={'authorization': request.headers.get('authorization', None), 'cookie': request.headers.get('cookie', None)}
2026-01-15 15:21:10,537 - WARNING - [DEBUG-MIDDLEWARE] path=/autorizaciones/procesadas headers={'authorization': request.headers.get('authorization', None), 'cookie': request.headers.get('cookie', None)}
2026-01-15 15:21:10,739 - WARNING - [DEBUG-AUTORIZACIONES] Endpoint: pendientes | usuario=admin rol=admin (normalizado=admin)
2026-01-15 15:21:10,739 - WARNING - [DEBUG-AUTORIZACIONES] Endpoint: procesadas | usuario=admin rol=admin (normalizado=admin)
2026-01-15 15:25:11,144 - WARNING - [DEBUG-MIDDLEWARE] path=/health headers={'authorization': request.headers.get('authorization', None), 'cookie': request.headers.get('cookie', None)}
2026-01-15 15:25:11,166 - WARNING - [DEBUG-MIDDLEWARE] path=/catalog/productos headers={'authorization': request.headers.get('authorization', None), 'cookie': request.headers.get('cookie', None)}
2026-01-15 15:25:11,389 - WARNING - [DEBUG-MIDDLEWARE] path=/auth/me headers={'authorization': request.headers.get('authorization', None), 'cookie': request.headers.get('cookie', None)}
2026-01-15 15:25:11,597 - WARNING - [DEBUG-MIDDLEWARE] path=/autorizaciones/pendientes headers={'authorization': request.headers.get('authorization', None), 'cookie': request.headers.get('cookie', None)}
2026-01-15 15:25:11,598 - WARNING - [DEBUG-MIDDLEWARE] path=/autorizaciones/procesadas headers={'authorization': request.headers.get('authorization', None), 'cookie': request.headers.get('cookie', None)}
2026-01-15 15:25:11,799 - WARNING - [DEBUG-AUTORIZACIONES] Endpoint: pendientes | usuario=admin rol=admin (normalizado=admin)
2026-01-15 15:25:11,818 - WARNING - [DEBUG-AUTORIZACIONES] Endpoint: procesadas | usuario=admin rol=admin (normalizado=admin)
2026-01-15 15:26:08,576 - WARNING - [DEBUG-MIDDLEWARE] path=/health headers={'authorization': request.headers.get('authorization', None), 'cookie': request.headers.get('cookie', None)}
2026-01-15 15:26:08,583 - WARNING - [DEBUG-MIDDLEWARE] path=/catalog/productos headers={'authorization': request.headers.get('authorization', None), 'cookie': request.headers.get('cookie', None)}
2026-01-15 15:26:08,805 - WARNING - [DEBUG-MIDDLEWARE] path=/auth/me headers={'authorization': request.headers.get('authorization', None), 'cookie': request.headers.get('cookie', None)}
2026-01-15 15:26:09,008 - WARNING - [DEBUG-MIDDLEWARE] path=/autorizaciones/pendientes headers={'authorization': request.headers.get('authorization', None), 'cookie': request.headers.get('cookie', None)}
2026-01-15 15:26:09,009 - WARNING - [DEBUG-MIDDLEWARE] path=/autorizaciones/procesadas headers={'authorization': request.headers.get('authorization', None), 'cookie': request.headers.get('cookie', None)}
2026-01-15 15:26:09,207 - WARNING - [DEBUG-AUTORIZACIONES] Endpoint: pendientes | usuario=direccion1 rol=Direccion (normalizado=direccion)
2026-01-15 15:26:09,209 - WARNING - [DEBUG-AUTORIZACIONES] Endpoint: procesadas | usuario=direccion1 rol=Direccion (normalizado=direccion)
2026-01-15 15:27:22,327 - WARNING - [DEBUG-MIDDLEWARE] path=/health headers={'authorization': request.headers.get('authorization', None), 'cookie': request.headers.get('cookie', None)}
2026-01-15 15:27:22,348 - WARNING - [DEBUG-MIDDLEWARE] path=/catalog/productos headers={'authorization': request.headers.get('authorization', None), 'cookie': request.headers.get('cookie', None)}
2026-01-15 15:27:22,570 - WARNING - [DEBUG-MIDDLEWARE] path=/auth/me headers={'authorization': request.headers.get('authorization', None), 'cookie': request.headers.get('cookie', None)}
2026-01-15 15:27:22,782 - WARNING - [DEBUG-MIDDLEWARE] path=/autorizaciones/mis-solicitudes headers={'authorization': request.headers.get('authorization', None), 'cookie': request.headers.get('cookie', None)}
2026-01-15 15:27:22,782 - WARNING - [DEBUG-MIDDLEWARE] path=/autorizaciones/pendientes headers={'authorization': request.headers.get('authorization', None), 'cookie': request.headers.get('cookie', None)}
2026-01-15 15:27:22,783 - WARNING - [DEBUG-MIDDLEWARE] path=/autorizaciones/procesadas headers={'authorization': request.headers.get('authorization', None), 'cookie': request.headers.get('cookie', None)}
2026-01-15 15:27:22,986 - WARNING - [DEBUG-AUTORIZACIONES] Endpoint: pendientes | usuario=subdir1 rol=Subdireccion (normalizado=subdireccion)
2026-01-15 15:27:22,990 - WARNING - [DEBUG-AUTORIZACIONES] Endpoint: procesadas | usuario=subdir1 rol=Subdireccion (normalizado=subdireccion)
2026-01-15 15:27:23,009 - WARNING - [DEBUG-MIDDLEWARE] path=/autorizaciones/mis-solicitudes headers={'authorization': request.headers.get('authorization', None), 'cookie': request.headers.get('cookie', None)}
2026-01-15 15:27:23,207 - WARNING - [DEBUG-AUTORIZACIONES] Endpoint: mis-solicitudes | usuario=subdir1 rol=Subdireccion (normalizado=subdireccion)
2026-01-15 16:48:07,917 - WARNING - [DEBUG-MIDDLEWARE] path=/health headers={'authorization': request.headers.get('authorization', None), 'cookie': request.headers.get('cookie', None)}
2026-01-15 16:48:07,975 - WARNING - [DEBUG-MIDDLEWARE] path=/catalog/productos headers={'authorization': request.headers.get('authorization', None), 'cookie': request.headers.get('cookie', None)}
2026-01-15 16:48:07,980 - WARNING - [DEBUG-MIDDLEWARE] path=/catalog/productos headers={'authorization': request.headers.get('authorization', None), 'cookie': request.headers.get('cookie', None)}
2026-01-15 16:48:08,559 - WARNING - [DEBUG-MIDDLEWARE] path=/auth/me headers={'authorization': request.headers.get('authorization', None), 'cookie': request.headers.get('cookie', None)}
2026-01-15 16:48:08,571 - WARNING - [DEBUG-MIDDLEWARE] path=/auth/me headers={'authorization': request.headers.get('authorization', None), 'cookie': request.headers.get('cookie', None)}
2026-01-15 16:48:09,135 - WARNING - [DEBUG-MIDDLEWARE] path=/autorizaciones/mis-solicitudes headers={'authorization': request.headers.get('authorization', None), 'cookie': request.headers.get('cookie', None)}
2026-01-15 16:48:09,142 - WARNING - [DEBUG-MIDDLEWARE] path=/autorizaciones/pendientes headers={'authorization': request.headers.get('authorization', None), 'cookie': request.headers.get('cookie', None)}
2026-01-15 16:48:09,157 - WARNING - [DEBUG-MIDDLEWARE] path=/autorizaciones/procesadas headers={'authorization': request.headers.get('authorization', None), 'cookie': request.headers.get('cookie', None)}
2026-01-15 16:48:09,158 - WARNING - [DEBUG-MIDDLEWARE] path=/autorizaciones/mis-solicitudes headers={'authorization': request.headers.get('authorization', None), 'cookie': request.headers.get('cookie', None)}
2026-01-15 16:48:09,455 - WARNING - [DEBUG-MIDDLEWARE] path=/autorizaciones/pendientes headers={'authorization': request.headers.get('authorization', None), 'cookie': request.headers.get('cookie', None)}
2026-01-15 16:48:09,457 - WARNING - [DEBUG-MIDDLEWARE] path=/autorizaciones/procesadas headers={'authorization': request.headers.get('authorization', None), 'cookie': request.headers.get('cookie', None)}
2026-01-15 16:48:09,716 - WARNING - [DEBUG-AUTORIZACIONES] Endpoint: mis-solicitudes | usuario=subdir1 rol=Subdireccion (normalizado=subdireccion)
2026-01-15 16:48:09,984 - WARNING - [DEBUG-AUTORIZACIONES] Endpoint: pendientes | usuario=subdir1 rol=Subdireccion (normalizado=subdireccion)
2026-01-15 16:48:10,007 - WARNING - [DEBUG-AUTORIZACIONES] Endpoint: procesadas | usuario=subdir1 rol=Subdireccion (normalizado=subdireccion)
2026-01-15 17:04:07,101 - WARNING - [DEBUG-MIDDLEWARE] path=/pricing/listas headers={'authorization': request.headers.get('authorization', None), 'cookie': request.headers.get('cookie', None)}
2026-01-15 17:04:07,108 - WARNING - [DEBUG-MIDDLEWARE] path=/pricing/listas headers={'authorization': request.headers.get('authorization', None), 'cookie': request.headers.get('cookie', None)}
2026-01-15 17:05:15,070 - WARNING - [DEBUG-MIDDLEWARE] path=/health headers={'authorization': request.headers.get('authorization', None), 'cookie': request.headers.get('cookie', None)}
2026-01-15 17:05:15,121 - WARNING - [DEBUG-MIDDLEWARE] path=/catalog/productos headers={'authorization': request.headers.get('authorization', None), 'cookie': request.headers.get('cookie', None)}
2026-01-15 17:05:15,125 - WARNING - [DEBUG-MIDDLEWARE] path=/catalog/productos headers={'authorization': request.headers.get('authorization', None), 'cookie': request.headers.get('cookie', None)}
2026-01-15 17:05:15,714 - WARNING - [DEBUG-MIDDLEWARE] path=/auth/me headers={'authorization': request.headers.get('authorization', None), 'cookie': request.headers.get('cookie', None)}
2026-01-15 17:05:15,733 - WARNING - [DEBUG-MIDDLEWARE] path=/auth/me headers={'authorization': request.headers.get('authorization', None), 'cookie': request.headers.get('cookie', None)}
2026-01-15 17:05:16,271 - WARNING - [DEBUG-MIDDLEWARE] path=/autorizaciones/mis-solicitudes headers={'authorization': request.headers.get('authorization', None), 'cookie': request.headers.get('cookie', None)}
2026-01-15 17:05:16,276 - WARNING - [DEBUG-MIDDLEWARE] path=/autorizaciones/mis-solicitudes headers={'authorization': request.headers.get('authorization', None), 'cookie': request.headers.get('cookie', None)}
2026-01-15 17:05:16,815 - WARNING - [DEBUG-AUTORIZACIONES] Endpoint: mis-solicitudes | usuario=vendedor1 rol=Vendedor (normalizado=vendedor)
2026-01-15 17:05:26,133 - WARNING - [DEBUG-MIDDLEWARE] path=/pricing/listas headers={'authorization': request.headers.get('authorization', None), 'cookie': request.headers.get('cookie', None)}
2026-01-15 17:05:26,140 - WARNING - [DEBUG-MIDDLEWARE] path=/pricing/listas headers={'authorization': request.headers.get('authorization', None), 'cookie': request.headers.get('cookie', None)}
2026-01-15 17:18:15,612 - WARNING - [DEBUG-MIDDLEWARE] path=/pricing/listas headers={'authorization': request.headers.get('authorization', None), 'cookie': request.headers.get('cookie', None)}
2026-01-15 17:18:15,619 - WARNING - [DEBUG-MIDDLEWARE] path=/pricing/listas headers={'authorization': request.headers.get('authorization', None), 'cookie': request.headers.get('cookie', None)}
2026-01-15 17:18:17,903 - WARNING - [DEBUG-MIDDLEWARE] path=/pricing/listas headers={'authorization': request.headers.get('authorization', None), 'cookie': request.headers.get('cookie', None)}
2026-01-15 17:18:17,908 - WARNING - [DEBUG-MIDDLEWARE] path=/pricing/listas headers={'authorization': request.headers.get('authorization', None), 'cookie': request.headers.get('cookie', None)}
2026-01-15 17:18:20,617 - WARNING - [DEBUG-MIDDLEWARE] path=/pricing/listas headers={'authorization': request.headers.get('authorization', None), 'cookie': request.headers.get('cookie', None)}
2026-01-15 17:21:43,492 - WARNING - [DEBUG-MIDDLEWARE] path=/pricing/listas headers={'authorization': request.headers.get('authorization', None), 'cookie': request.headers.get('cookie', None)}
2026-01-15 17:21:43,493 - WARNING - [DEBUG-MIDDLEWARE] path=/pricing/listas headers={'authorization': request.headers.get('authorization', None), 'cookie': request.headers.get('cookie', None)}
2026-01-15 17:21:43,521 - WARNING - [DEBUG-MIDDLEWARE] path=/pricing/listas headers={'authorization': request.headers.get('authorization', None), 'cookie': request.headers.get('cookie', None)}
2026-01-15 17:21:44,067 - WARNING - [DEBUG-MIDDLEWARE] path=/pricing/listas headers={'authorization': request.headers.get('authorization', None), 'cookie': request.headers.get('cookie', None)}
2026-01-15 17:21:44,094 - WARNING - [DEBUG-MIDDLEWARE] path=/pricing/listas headers={'authorization': request.headers.get('authorization', None), 'cookie': request.headers.get('cookie', None)}
2026-01-15 17:21:44,097 - WARNING - [DEBUG-MIDDLEWARE] path=/pricing/listas headers={'authorization': request.headers.get('authorization', None), 'cookie': request.headers.get('cookie', None)}
2026-01-15 17:21:45,783 - WARNING - [DEBUG-MIDDLEWARE] path=/pricing/listas headers={'authorization': request.headers.get('authorization', None), 'cookie': request.headers.get('cookie', None)}
2026-01-15 17:21:45,785 - WARNING - [DEBUG-MIDDLEWARE] path=/pricing/listas headers={'authorization': request.headers.get('authorization', None), 'cookie': request.headers.get('cookie', None)}
2026-01-15 17:21:45,792 - WARNING - [DEBUG-MIDDLEWARE] path=/pricing/listas headers={'authorization': request.headers.get('authorization', None), 'cookie': request.headers.get('cookie', None)}
2026-01-15 17:21:51,651 - WARNING - [DEBUG-MIDDLEWARE] path=/pricing/listas headers={'authorization': request.headers.get('authorization', None), 'cookie': request.headers.get('cookie', None)}
2026-01-15 17:21:51,655 - WARNING - [DEBUG-MIDDLEWARE] path=/pricing/listas headers={'authorization': request.headers.get('authorization', None), 'cookie': request.headers.get('cookie', None)}
2026-01-15 17:21:51,956 - WARNING - [DEBUG-MIDDLEWARE] path=/pricing/listas headers={'authorization': request.headers.get('authorization', None), 'cookie': request.headers.get('cookie', None)}
2026-01-16 08:59:42,254 - WARNING - [DEBUG-MIDDLEWARE] path=/health headers={'authorization': request.headers.get('authorization', None), 'cookie': request.headers.get('cookie', None)}
2026-01-16 08:59:42,367 - WARNING - [DEBUG-MIDDLEWARE] path=/catalog/productos headers={'authorization': request.headers.get('authorization', None), 'cookie': request.headers.get('cookie', None)}
2026-01-16 08:59:42,369 - WARNING - [DEBUG-MIDDLEWARE] path=/catalog/productos headers={'authorization': request.headers.get('authorization', None), 'cookie': request.headers.get('cookie', None)}
2026-01-16 08:59:42,603 - WARNING - [DEBUG-MIDDLEWARE] path=/auth/me headers={'authorization': request.headers.get('authorization', None), 'cookie': request.headers.get('cookie', None)}
2026-01-16 08:59:42,605 - WARNING - [DEBUG-MIDDLEWARE] path=/auth/me headers={'authorization': request.headers.get('authorization', None), 'cookie': request.headers.get('cookie', None)}
2026-01-16 08:59:42,798 - WARNING - [DEBUG-MIDDLEWARE] path=/autorizaciones/pendientes headers={'authorization': request.headers.get('authorization', None), 'cookie': request.headers.get('cookie', None)}
2026-01-16 08:59:42,799 - WARNING - [DEBUG-MIDDLEWARE] path=/autorizaciones/procesadas headers={'authorization': request.headers.get('authorization', None), 'cookie': request.headers.get('cookie', None)}
2026-01-16 08:59:42,801 - WARNING - [DEBUG-MIDDLEWARE] path=/autorizaciones/pendientes headers={'authorization': request.headers.get('authorization', None), 'cookie': request.headers.get('cookie', None)}
2026-01-16 08:59:42,803 - WARNING - [DEBUG-MIDDLEWARE] path=/autorizaciones/procesadas headers={'authorization': request.headers.get('authorization', None), 'cookie': request.headers.get('cookie', None)}
2026-01-16 08:59:42,993 - WARNING - [DEBUG-AUTORIZACIONES] Endpoint: pendientes | usuario=admin rol=admin (normalizado=admin)
2026-01-16 08:59:42,993 - WARNING - [DEBUG-AUTORIZACIONES] fetchall() sin resultados o error: No results.  Previous SQL was not a query.
2026-01-16 08:59:43,003 - WARNING - [DEBUG-AUTORIZACIONES] Endpoint: procesadas | usuario=admin rol=admin (normalizado=admin)
2026-01-16 09:57:13,230 - WARNING - [DEBUG-MIDDLEWARE] path=/health headers={'authorization': request.headers.get('authorization', None), 'cookie': request.headers.get('cookie', None)}
2026-01-16 09:57:13,323 - WARNING - [DEBUG-MIDDLEWARE] path=/metrics headers={'authorization': request.headers.get('authorization', None), 'cookie': request.headers.get('cookie', None)}
2026-01-16 09:57:13,328 - WARNING - [DEBUG-MIDDLEWARE] path=/auth/login headers={'authorization': request.headers.get('authorization', None), 'cookie': request.headers.get('cookie', None)}
2026-01-16 09:57:23,776 - WARNING - [DEBUG-MIDDLEWARE] path=/auth/login headers={'authorization': request.headers.get('authorization', None), 'cookie': request.headers.get('cookie', None)}
2026-01-16 09:58:45,458 - WARNING - [DEBUG-MIDDLEWARE] path=/health headers={'authorization': request.headers.get('authorization', None), 'cookie': request.headers.get('cookie', None)}
2026-01-16 09:58:45,542 - WARNING - [DEBUG-MIDDLEWARE] path=/metrics headers={'authorization': request.headers.get('authorization', None), 'cookie': request.headers.get('cookie', None)}
2026-01-16 09:58:45,546 - WARNING - [DEBUG-MIDDLEWARE] path=/auth/login headers={'authorization': request.headers.get('authorization', None), 'cookie': request.headers.get('cookie', None)}
2026-01-16 09:58:47,106 - WARNING - [DEBUG-MIDDLEWARE] path=/auth/login headers={'authorization': request.headers.get('authorization', None), 'cookie': request.headers.get('cookie', None)}
2026-01-16 10:09:51,788 - WARNING - [DEBUG-MIDDLEWARE] path=/health headers={'authorization': request.headers.get('authorization', None), 'cookie': request.headers.get('cookie', None)}
2026-01-16 10:09:51,858 - WARNING - [DEBUG-MIDDLEWARE] path=/metrics headers={'authorization': request.headers.get('authorization', None), 'cookie': request.headers.get('cookie', None)}
2026-01-16 10:09:51,862 - WARNING - [DEBUG-MIDDLEWARE] path=/auth/login headers={'authorization': request.headers.get('authorization', None), 'cookie': request.headers.get('cookie', None)}
2026-01-16 10:09:56,149 - WARNING - [DEBUG-MIDDLEWARE] path=/auth/login headers={'authorization': request.headers.get('authorization', None), 'cookie': request.headers.get('cookie', None)}
2026-01-16 10:16:47,819 - WARNING - [DEBUG-MIDDLEWARE] path=/health headers={'authorization': request.headers.get('authorization', None), 'cookie': request.headers.get('cookie', None)}
2026-01-16 10:16:47,888 - WARNING - [DEBUG-MIDDLEWARE] path=/metrics headers={'authorization': request.headers.get('authorization', None), 'cookie': request.headers.get('cookie', None)}
2026-01-16 10:16:47,892 - WARNING - [DEBUG-MIDDLEWARE] path=/auth/login headers={'authorization': request.headers.get('authorization', None), 'cookie': request.headers.get('cookie', None)}
2026-01-16 10:16:49,478 - WARNING - [DEBUG-MIDDLEWARE] path=/auth/login headers={'authorization': request.headers.get('authorization', None), 'cookie': request.headers.get('cookie', None)}
2026-01-16 10:18:29,542 - WARNING - [DEBUG-MIDDLEWARE] path=/health headers={'authorization': request.headers.get('authorization', None), 'cookie': request.headers.get('cookie', None)}
2026-01-16 10:18:29,616 - WARNING - [DEBUG-MIDDLEWARE] path=/metrics headers={'authorization': request.headers.get('authorization', None), 'cookie': request.headers.get('cookie', None)}
2026-01-16 10:18:29,620 - WARNING - [DEBUG-MIDDLEWARE] path=/auth/login headers={'authorization': request.headers.get('authorization', None), 'cookie': request.headers.get('cookie', None)}
2026-01-16 10:18:29,831 - WARNING - [DEBUG-MIDDLEWARE] path=/auth/login headers={'authorization': request.headers.get('authorization', None), 'cookie': request.headers.get('cookie', None)}
2026-01-16 10:18:30,022 - WARNING - [DEBUG-MIDDLEWARE] path=/auth/login headers={'authorization': request.headers.get('authorization', None), 'cookie': request.headers.get('cookie', None)}
2026-01-16 10:18:30,216 - WARNING - [DEBUG-MIDDLEWARE] path=/auth/login headers={'authorization': request.headers.get('authorization', None), 'cookie': request.headers.get('cookie', None)}
2026-01-16 10:18:30,423 - WARNING - [DEBUG-MIDDLEWARE] path=/autorizaciones/solicitar headers={'authorization': request.headers.get('authorization', None), 'cookie': request.headers.get('cookie', None)}
2026-01-16 10:18:30,434 - ERROR - Precio propuesto menor al base: usuario_nivel=Vendedor, sku=HP30B-CTO-01, propuesto=10000.0, base=10722.5
2026-01-16 10:18:32,126 - WARNING - [DEBUG-MIDDLEWARE] path=/auth/login headers={'authorization': request.headers.get('authorization', None), 'cookie': request.headers.get('cookie', None)}
2026-01-16 10:19:55,748 - WARNING - [DEBUG-MIDDLEWARE] path=/health headers={'authorization': request.headers.get('authorization', None), 'cookie': request.headers.get('cookie', None)}
2026-01-16 10:19:55,813 - WARNING - [DEBUG-MIDDLEWARE] path=/metrics headers={'authorization': request.headers.get('authorization', None), 'cookie': request.headers.get('cookie', None)}
2026-01-16 10:19:55,817 - WARNING - [DEBUG-MIDDLEWARE] path=/auth/login headers={'authorization': request.headers.get('authorization', None), 'cookie': request.headers.get('cookie', None)}
2026-01-16 10:19:56,029 - WARNING - [DEBUG-MIDDLEWARE] path=/auth/login headers={'authorization': request.headers.get('authorization', None), 'cookie': request.headers.get('cookie', None)}
2026-01-16 10:19:56,218 - WARNING - [DEBUG-MIDDLEWARE] path=/auth/login headers={'authorization': request.headers.get('authorization', None), 'cookie': request.headers.get('cookie', None)}
2026-01-16 10:19:56,413 - WARNING - [DEBUG-MIDDLEWARE] path=/auth/login headers={'authorization': request.headers.get('authorization', None), 'cookie': request.headers.get('cookie', None)}
2026-01-16 10:19:56,612 - WARNING - [DEBUG-MIDDLEWARE] path=/autorizaciones/solicitar headers={'authorization': request.headers.get('authorization', None), 'cookie': request.headers.get('cookie', None)}
2026-01-16 10:19:56,623 - ERROR - Precio propuesto menor al base: usuario_nivel=Vendedor, sku=HP30B-CTO-01, propuesto=10000.0, base=10722.5
2026-01-16 10:19:57,943 - WARNING - [DEBUG-MIDDLEWARE] path=/auth/login headers={'authorization': request.headers.get('authorization', None), 'cookie': request.headers.get('cookie', None)}
2026-01-16 10:24:52,273 - WARNING - [DEBUG-MIDDLEWARE] path=/health headers={'authorization': request.headers.get('authorization', None), 'cookie': request.headers.get('cookie', None)}
2026-01-16 10:24:52,297 - WARNING - [DEBUG-MIDDLEWARE] path=/catalog/productos headers={'authorization': request.headers.get('authorization', None), 'cookie': request.headers.get('cookie', None)}
2026-01-16 10:24:52,298 - WARNING - [DEBUG-MIDDLEWARE] path=/catalog/productos headers={'authorization': request.headers.get('authorization', None), 'cookie': request.headers.get('cookie', None)}
2026-01-16 10:24:52,516 - WARNING - [DEBUG-MIDDLEWARE] path=/auth/me headers={'authorization': request.headers.get('authorization', None), 'cookie': request.headers.get('cookie', None)}
2026-01-16 10:24:52,518 - WARNING - [DEBUG-MIDDLEWARE] path=/auth/me headers={'authorization': request.headers.get('authorization', None), 'cookie': request.headers.get('cookie', None)}
2026-01-16 10:24:52,720 - WARNING - [DEBUG-MIDDLEWARE] path=/autorizaciones/pendientes headers={'authorization': request.headers.get('authorization', None), 'cookie': request.headers.get('cookie', None)}
2026-01-16 10:24:52,721 - WARNING - [DEBUG-MIDDLEWARE] path=/autorizaciones/procesadas headers={'authorization': request.headers.get('authorization', None), 'cookie': request.headers.get('cookie', None)}
2026-01-16 10:24:52,723 - WARNING - [DEBUG-MIDDLEWARE] path=/autorizaciones/pendientes headers={'authorization': request.headers.get('authorization', None), 'cookie': request.headers.get('cookie', None)}
2026-01-16 10:24:52,723 - WARNING - [DEBUG-MIDDLEWARE] path=/autorizaciones/procesadas headers={'authorization': request.headers.get('authorization', None), 'cookie': request.headers.get('cookie', None)}
2026-01-16 10:24:52,925 - WARNING - [DEBUG-AUTORIZACIONES] Endpoint: pendientes | usuario=admin rol=admin (normalizado=admin)
2026-01-16 10:24:52,925 - WARNING - [DEBUG-AUTORIZACIONES] fetchall() sin resultados o error: No results.  Previous SQL was not a query.
2026-01-16 10:24:52,927 - WARNING - [DEBUG-AUTORIZACIONES] Endpoint: procesadas | usuario=admin rol=admin (normalizado=admin)
2026-01-16 10:25:14,333 - WARNING - [DEBUG-MIDDLEWARE] path=/health headers={'authorization': request.headers.get('authorization', None), 'cookie': request.headers.get('cookie', None)}
2026-01-16 10:25:14,402 - WARNING - [DEBUG-MIDDLEWARE] path=/metrics headers={'authorization': request.headers.get('authorization', None), 'cookie': request.headers.get('cookie', None)}
2026-01-16 10:25:14,406 - WARNING - [DEBUG-MIDDLEWARE] path=/auth/login headers={'authorization': request.headers.get('authorization', None), 'cookie': request.headers.get('cookie', None)}
2026-01-16 10:25:14,625 - WARNING - [DEBUG-MIDDLEWARE] path=/auth/login headers={'authorization': request.headers.get('authorization', None), 'cookie': request.headers.get('cookie', None)}
2026-01-16 10:25:14,827 - WARNING - [DEBUG-MIDDLEWARE] path=/auth/login headers={'authorization': request.headers.get('authorization', None), 'cookie': request.headers.get('cookie', None)}
2026-01-16 10:25:15,024 - WARNING - [DEBUG-MIDDLEWARE] path=/auth/login headers={'authorization': request.headers.get('authorization', None), 'cookie': request.headers.get('cookie', None)}
2026-01-16 10:25:15,225 - WARNING - [DEBUG-MIDDLEWARE] path=/autorizaciones/solicitar headers={'authorization': request.headers.get('authorization', None), 'cookie': request.headers.get('cookie', None)}
2026-01-16 10:25:15,234 - ERROR - Precio propuesto menor al base: usuario_nivel=Vendedor, sku=HP30B-CTO-01, propuesto=10000.0, base=10722.5
2026-01-16 10:25:16,640 - WARNING - [DEBUG-MIDDLEWARE] path=/auth/login headers={'authorization': request.headers.get('authorization', None), 'cookie': request.headers.get('cookie', None)}
2026-01-16 10:27:07,098 - WARNING - [DEBUG-MIDDLEWARE] path=/health headers={'authorization': request.headers.get('authorization', None), 'cookie': request.headers.get('cookie', None)}
2026-01-16 10:27:07,181 - WARNING - [DEBUG-MIDDLEWARE] path=/metrics headers={'authorization': request.headers.get('authorization', None), 'cookie': request.headers.get('cookie', None)}
2026-01-16 10:27:07,185 - WARNING - [DEBUG-MIDDLEWARE] path=/auth/login headers={'authorization': request.headers.get('authorization', None), 'cookie': request.headers.get('cookie', None)}
2026-01-16 10:27:07,400 - WARNING - [DEBUG-MIDDLEWARE] path=/auth/login headers={'authorization': request.headers.get('authorization', None), 'cookie': request.headers.get('cookie', None)}
2026-01-16 10:27:07,590 - WARNING - [DEBUG-MIDDLEWARE] path=/auth/login headers={'authorization': request.headers.get('authorization', None), 'cookie': request.headers.get('cookie', None)}
2026-01-16 10:27:07,785 - WARNING - [DEBUG-MIDDLEWARE] path=/auth/login headers={'authorization': request.headers.get('authorization', None), 'cookie': request.headers.get('cookie', None)}
2026-01-16 10:27:07,980 - WARNING - [DEBUG-MIDDLEWARE] path=/autorizaciones/solicitar headers={'authorization': request.headers.get('authorization', None), 'cookie': request.headers.get('cookie', None)}
2026-01-16 10:27:07,988 - ERROR - Precio propuesto menor al base: usuario_nivel=Vendedor, sku=HP30B-CTO-01, propuesto=10000.0, base=10722.5
2026-01-16 10:27:09,237 - WARNING - [DEBUG-MIDDLEWARE] path=/auth/login headers={'authorization': request.headers.get('authorization', None), 'cookie': request.headers.get('cookie', None)}
2026-01-16 10:27:54,815 - WARNING - [DEBUG-MIDDLEWARE] path=/health headers={'authorization': request.headers.get('authorization', None), 'cookie': request.headers.get('cookie', None)}
2026-01-16 10:27:54,895 - WARNING - [DEBUG-MIDDLEWARE] path=/metrics headers={'authorization': request.headers.get('authorization', None), 'cookie': request.headers.get('cookie', None)}
2026-01-16 10:27:54,899 - WARNING - [DEBUG-MIDDLEWARE] path=/auth/login headers={'authorization': request.headers.get('authorization', None), 'cookie': request.headers.get('cookie', None)}
2026-01-16 10:27:55,117 - WARNING - [DEBUG-MIDDLEWARE] path=/auth/login headers={'authorization': request.headers.get('authorization', None), 'cookie': request.headers.get('cookie', None)}
2026-01-16 10:27:55,316 - WARNING - [DEBUG-MIDDLEWARE] path=/auth/login headers={'authorization': request.headers.get('authorization', None), 'cookie': request.headers.get('cookie', None)}
2026-01-16 10:27:55,509 - WARNING - [DEBUG-MIDDLEWARE] path=/auth/login headers={'authorization': request.headers.get('authorization', None), 'cookie': request.headers.get('cookie', None)}
2026-01-16 10:27:55,712 - WARNING - [DEBUG-MIDDLEWARE] path=/autorizaciones/solicitar headers={'authorization': request.headers.get('authorization', None), 'cookie': request.headers.get('cookie', None)}
2026-01-16 10:27:55,724 - ERROR - Precio propuesto menor al base: usuario_nivel=Vendedor, sku=HP30B-CTO-01, propuesto=10000.0, base=10722.5
2026-01-16 10:27:57,037 - WARNING - [DEBUG-MIDDLEWARE] path=/auth/login headers={'authorization': request.headers.get('authorization', None), 'cookie': request.headers.get('cookie', None)}
2026-01-16 10:28:46,090 - WARNING - [DEBUG-MIDDLEWARE] path=/health headers={'authorization': request.headers.get('authorization', None), 'cookie': request.headers.get('cookie', None)}
2026-01-16 10:28:46,181 - WARNING - [DEBUG-MIDDLEWARE] path=/metrics headers={'authorization': request.headers.get('authorization', None), 'cookie': request.headers.get('cookie', None)}
2026-01-16 10:28:46,185 - WARNING - [DEBUG-MIDDLEWARE] path=/auth/login headers={'authorization': request.headers.get('authorization', None), 'cookie': request.headers.get('cookie', None)}
2026-01-16 10:28:46,402 - WARNING - [DEBUG-MIDDLEWARE] path=/auth/login headers={'authorization': request.headers.get('authorization', None), 'cookie': request.headers.get('cookie', None)}
2026-01-16 10:28:46,596 - WARNING - [DEBUG-MIDDLEWARE] path=/auth/login headers={'authorization': request.headers.get('authorization', None), 'cookie': request.headers.get('cookie', None)}
2026-01-16 10:28:46,787 - WARNING - [DEBUG-MIDDLEWARE] path=/auth/login headers={'authorization': request.headers.get('authorization', None), 'cookie': request.headers.get('cookie', None)}
2026-01-16 10:28:46,984 - WARNING - [DEBUG-MIDDLEWARE] path=/autorizaciones/solicitar headers={'authorization': request.headers.get('authorization', None), 'cookie': request.headers.get('cookie', None)}
2026-01-16 10:28:46,993 - ERROR - Precio propuesto menor al base: usuario_nivel=Vendedor, sku=HP30B-CTO-01, propuesto=10000.0, base=10722.5
2026-01-16 10:28:48,303 - WARNING - [DEBUG-MIDDLEWARE] path=/auth/login headers={'authorization': request.headers.get('authorization', None), 'cookie': request.headers.get('cookie', None)}
2026-01-16 10:30:18,434 - WARNING - [DEBUG-MIDDLEWARE] path=/auth/login headers={'authorization': request.headers.get('authorization', None), 'cookie': request.headers.get('cookie', None)}
2026-01-16 10:32:17,801 - WARNING - [DEBUG-MIDDLEWARE] path=/auth/login headers={'authorization': request.headers.get('authorization', None), 'cookie': request.headers.get('cookie', None)}
2026-01-16 10:33:46,835 - WARNING - [DEBUG-MIDDLEWARE] path=/health headers={'authorization': request.headers.get('authorization', None), 'cookie': request.headers.get('cookie', None)}
2026-01-16 10:35:19,839 - WARNING - [DEBUG-MIDDLEWARE] path=/auth/login headers={'authorization': request.headers.get('authorization', None), 'cookie': request.headers.get('cookie', None)}
2026-01-16 10:35:56,030 - WARNING - [DEBUG-MIDDLEWARE] path=/openapi.json headers={'authorization': request.headers.get('authorization', None), 'cookie': request.headers.get('cookie', None)}
2026-01-16 10:36:06,960 - WARNING - [DEBUG-MIDDLEWARE] path=/docs headers={'authorization': request.headers.get('authorization', None), 'cookie': request.headers.get('cookie', None)}
2026-01-16 10:36:22,664 - WARNING - [DEBUG-MIDDLEWARE] path=/auth/login headers={'authorization': request.headers.get('authorization', None), 'cookie': request.headers.get('cookie', None)}
2026-01-16 10:36:27,642 - WARNING - [DEBUG-MIDDLEWARE] path=/auth/login headers={'authorization': request.headers.get('authorization', None), 'cookie': request.headers.get('cookie', None)}
2026-01-16 10:36:32,082 - WARNING - [DEBUG-MIDDLEWARE] path=/auth/me headers={'authorization': request.headers.get('authorization', None), 'cookie': request.headers.get('cookie', None)}
2026-01-16 10:39:44,117 - WARNING - [DEBUG-MIDDLEWARE] path=/health headers={'authorization': request.headers.get('authorization', None), 'cookie': request.headers.get('cookie', None)}
2026-01-16 10:39:44,193 - WARNING - [DEBUG-MIDDLEWARE] path=/auth/login headers={'authorization': request.headers.get('authorization', None), 'cookie': request.headers.get('cookie', None)}
2026-01-16 10:39:44,559 - WARNING - [DEBUG-MIDDLEWARE] path=/catalog/productos headers={'authorization': request.headers.get('authorization', None), 'cookie': request.headers.get('cookie', None)}
2026-01-16 10:39:44,561 - WARNING - [DEBUG-MIDDLEWARE] path=/catalog/productos headers={'authorization': request.headers.get('authorization', None), 'cookie': request.headers.get('cookie', None)}
2026-01-16 10:39:44,582 - WARNING - [DEBUG-MIDDLEWARE] path=/auth/me headers={'authorization': request.headers.get('authorization', None), 'cookie': request.headers.get('cookie', None)}
2026-01-16 10:39:44,584 - WARNING - [DEBUG-MIDDLEWARE] path=/auth/me headers={'authorization': request.headers.get('authorization', None), 'cookie': request.headers.get('cookie', None)}
2026-01-16 10:39:44,589 - WARNING - [DEBUG-MIDDLEWARE] path=/autorizaciones/pendientes headers={'authorization': request.headers.get('authorization', None), 'cookie': request.headers.get('cookie', None)}
2026-01-16 10:39:44,589 - WARNING - [DEBUG-MIDDLEWARE] path=/autorizaciones/procesadas headers={'authorization': request.headers.get('authorization', None), 'cookie': request.headers.get('cookie', None)}
2026-01-16 10:39:44,590 - WARNING - [DEBUG-MIDDLEWARE] path=/autorizaciones/pendientes headers={'authorization': request.headers.get('authorization', None), 'cookie': request.headers.get('cookie', None)}
2026-01-16 10:39:44,592 - WARNING - [DEBUG-MIDDLEWARE] path=/autorizaciones/procesadas headers={'authorization': request.headers.get('authorization', None), 'cookie': request.headers.get('cookie', None)}
2026-01-16 10:39:44,594 - WARNING - [DEBUG-AUTORIZACIONES] Endpoint: pendientes | usuario=admin rol=admin (normalizado=admin)
2026-01-16 10:39:44,594 - WARNING - [DEBUG-AUTORIZACIONES] fetchall() sin resultados o error: No results.  Previous SQL was not a query.
2026-01-16 10:39:44,598 - WARNING - [DEBUG-AUTORIZACIONES] Endpoint: procesadas | usuario=admin rol=admin (normalizado=admin)
2026-01-16 10:42:05,561 - WARNING - [DEBUG-MIDDLEWARE] path=/health headers={'authorization': request.headers.get('authorization', None), 'cookie': request.headers.get('cookie', None)}
2026-01-16 10:42:05,599 - WARNING - [DEBUG-MIDDLEWARE] path=/auth/login headers={'authorization': request.headers.get('authorization', None), 'cookie': request.headers.get('cookie', None)}
2026-01-16 10:42:38,559 - WARNING - [DEBUG-MIDDLEWARE] path=/health headers={'authorization': request.headers.get('authorization', None), 'cookie': request.headers.get('cookie', None)}
2026-01-16 10:42:38,566 - WARNING - [DEBUG-MIDDLEWARE] path=/auth/login headers={'authorization': request.headers.get('authorization', None), 'cookie': request.headers.get('cookie', None)}
2026-01-16 10:44:33,539 - WARNING - [DEBUG-MIDDLEWARE] path=/health headers={'authorization': request.headers.get('authorization', None), 'cookie': request.headers.get('cookie', None)}
2026-01-16 10:44:42,091 - WARNING - [DEBUG-MIDDLEWARE] path=/auth/login headers={'authorization': request.headers.get('authorization', None), 'cookie': request.headers.get('cookie', None)}
2026-01-16 10:49:32,079 - WARNING - [DEBUG-MIDDLEWARE] path=/ headers={'authorization': request.headers.get('authorization', None), 'cookie': request.headers.get('cookie', None)}
2026-01-16 10:49:32,131 - WARNING - [DEBUG-MIDDLEWARE] path=/favicon.ico headers={'authorization': request.headers.get('authorization', None), 'cookie': request.headers.get('cookie', None)}
2026-01-16 10:49:43,894 - WARNING - [DEBUG-MIDDLEWARE] path=/health headers={'authorization': request.headers.get('authorization', None), 'cookie': request.headers.get('cookie', None)}
2026-01-16 10:49:44,048 - WARNING - [DEBUG-MIDDLEWARE] path=/auth/login headers={'authorization': request.headers.get('authorization', None), 'cookie': request.headers.get('cookie', None)}
2026-01-16 10:49:44,491 - WARNING - [DEBUG-MIDDLEWARE] path=/catalog/productos headers={'authorization': request.headers.get('authorization', None), 'cookie': request.headers.get('cookie', None)}
2026-01-16 10:49:44,515 - WARNING - [DEBUG-MIDDLEWARE] path=/auth/me headers={'authorization': request.headers.get('authorization', None), 'cookie': request.headers.get('cookie', None)}
2026-01-16 10:49:44,523 - WARNING - [DEBUG-MIDDLEWARE] path=/autorizaciones/pendientes headers={'authorization': request.headers.get('authorization', None), 'cookie': request.headers.get('cookie', None)}
2026-01-16 10:49:44,525 - WARNING - [DEBUG-MIDDLEWARE] path=/autorizaciones/procesadas headers={'authorization': request.headers.get('authorization', None), 'cookie': request.headers.get('cookie', None)}
2026-01-16 10:49:44,528 - WARNING - [DEBUG-AUTORIZACIONES] Endpoint: pendientes | usuario=admin rol=admin (normalizado=admin)
2026-01-16 10:49:44,529 - WARNING - [DEBUG-AUTORIZACIONES] fetchall() sin resultados o error: No results.  Previous SQL was not a query.
2026-01-16 10:49:44,535 - WARNING - [DEBUG-AUTORIZACIONES] Endpoint: procesadas | usuario=admin rol=admin (normalizado=admin)
2026-01-16 10:50:16,909 - WARNING - [DEBUG-MIDDLEWARE] path=/health headers={'authorization': request.headers.get('authorization', None), 'cookie': request.headers.get('cookie', None)}
2026-01-16 10:50:16,914 - WARNING - [DEBUG-MIDDLEWARE] path=/auth/login headers={'authorization': request.headers.get('authorization', None), 'cookie': request.headers.get('cookie', None)}
2026-01-16 10:50:17,329 - WARNING - [DEBUG-MIDDLEWARE] path=/catalog/productos headers={'authorization': request.headers.get('authorization', None), 'cookie': request.headers.get('cookie', None)}
2026-01-16 10:50:17,331 - WARNING - [DEBUG-MIDDLEWARE] path=/catalog/productos headers={'authorization': request.headers.get('authorization', None), 'cookie': request.headers.get('cookie', None)}
2026-01-16 10:50:17,352 - WARNING - [DEBUG-MIDDLEWARE] path=/auth/me headers={'authorization': request.headers.get('authorization', None), 'cookie': request.headers.get('cookie', None)}
2026-01-16 10:50:17,355 - WARNING - [DEBUG-MIDDLEWARE] path=/auth/me headers={'authorization': request.headers.get('authorization', None), 'cookie': request.headers.get('cookie', None)}
2026-01-16 10:50:17,362 - WARNING - [DEBUG-MIDDLEWARE] path=/autorizaciones/pendientes headers={'authorization': request.headers.get('authorization', None), 'cookie': request.headers.get('cookie', None)}
2026-01-16 10:50:17,363 - WARNING - [DEBUG-MIDDLEWARE] path=/autorizaciones/procesadas headers={'authorization': request.headers.get('authorization', None), 'cookie': request.headers.get('cookie', None)}
2026-01-16 10:50:17,366 - WARNING - [DEBUG-MIDDLEWARE] path=/autorizaciones/pendientes headers={'authorization': request.headers.get('authorization', None), 'cookie': request.headers.get('cookie', None)}
2026-01-16 10:50:17,366 - WARNING - [DEBUG-MIDDLEWARE] path=/autorizaciones/procesadas headers={'authorization': request.headers.get('authorization', None), 'cookie': request.headers.get('cookie', None)}
2026-01-16 10:50:17,370 - WARNING - [DEBUG-AUTORIZACIONES] Endpoint: pendientes | usuario=direccion1 rol=Direccion (normalizado=direccion)
2026-01-16 10:50:17,370 - WARNING - [DEBUG-AUTORIZACIONES] Endpoint: procesadas | usuario=direccion1 rol=Direccion (normalizado=direccion)
2026-01-16 10:50:17,371 - WARNING - [DEBUG-AUTORIZACIONES] fetchall() sin resultados o error: No results.  Previous SQL was not a query.
2026-01-16 10:53:20,578 - WARNING - [DEBUG-MIDDLEWARE] path=/auth/login headers={'authorization': request.headers.get('authorization', None), 'cookie': request.headers.get('cookie', None)}
2026-01-16 10:53:20,581 - WARNING - [DEBUG-MIDDLEWARE] path=/auth/login headers={'authorization': request.headers.get('authorization', None), 'cookie': request.headers.get('cookie', None)}
2026-01-16 10:53:20,583 - WARNING - [DEBUG-MIDDLEWARE] path=/auth/login headers={'authorization': request.headers.get('authorization', None), 'cookie': request.headers.get('cookie', None)}
2026-01-16 10:53:20,585 - WARNING - [DEBUG-MIDDLEWARE] path=/auth/login headers={'authorization': request.headers.get('authorization', None), 'cookie': request.headers.get('cookie', None)}
2026-01-16 10:53:20,586 - WARNING - [DEBUG-MIDDLEWARE] path=/auth/login headers={'authorization': request.headers.get('authorization', None), 'cookie': request.headers.get('cookie', None)}
2026-01-16 11:01:19,519 - WARNING - [DEBUG-MIDDLEWARE] path=/auth/login headers={'authorization': request.headers.get('authorization', None), 'cookie': request.headers.get('cookie', None)}
2026-01-16 11:01:19,831 - WARNING - [DEBUG-MIDDLEWARE] path=/auth/login headers={'authorization': request.headers.get('authorization', None), 'cookie': request.headers.get('cookie', None)}
2026-01-16 11:01:20,035 - WARNING - [DEBUG-MIDDLEWARE] path=/auth/login headers={'authorization': request.headers.get('authorization', None), 'cookie': request.headers.get('cookie', None)}
2026-01-16 11:01:20,244 - WARNING - [DEBUG-MIDDLEWARE] path=/auth/login headers={'authorization': request.headers.get('authorization', None), 'cookie': request.headers.get('cookie', None)}
2026-01-16 11:01:20,443 - WARNING - [DEBUG-MIDDLEWARE] path=/auth/login headers={'authorization': request.headers.get('authorization', None), 'cookie': request.headers.get('cookie', None)}
2026-01-16 11:03:26,105 - WARNING - [DEBUG-MIDDLEWARE] path=/health headers={'authorization': request.headers.get('authorization', None), 'cookie': request.headers.get('cookie', None)}
2026-01-16 11:03:26,188 - WARNING - [DEBUG-MIDDLEWARE] path=/auth/login headers={'authorization': request.headers.get('authorization', None), 'cookie': request.headers.get('cookie', None)}
2026-01-16 11:03:26,410 - WARNING - [DEBUG-MIDDLEWARE] path=/catalog/productos headers={'authorization': request.headers.get('authorization', None), 'cookie': request.headers.get('cookie', None)}
2026-01-16 11:03:26,411 - WARNING - [DEBUG-MIDDLEWARE] path=/catalog/productos headers={'authorization': request.headers.get('authorization', None), 'cookie': request.headers.get('cookie', None)}
2026-01-16 11:03:26,429 - WARNING - [DEBUG-MIDDLEWARE] path=/auth/me headers={'authorization': request.headers.get('authorization', None), 'cookie': request.headers.get('cookie', None)}
2026-01-16 11:03:26,431 - WARNING - [DEBUG-MIDDLEWARE] path=/auth/me headers={'authorization': request.headers.get('authorization', None), 'cookie': request.headers.get('cookie', None)}
2026-01-16 11:03:26,437 - WARNING - [DEBUG-MIDDLEWARE] path=/autorizaciones/pendientes headers={'authorization': request.headers.get('authorization', None), 'cookie': request.headers.get('cookie', None)}
2026-01-16 11:03:26,437 - WARNING - [DEBUG-MIDDLEWARE] path=/autorizaciones/procesadas headers={'authorization': request.headers.get('authorization', None), 'cookie': request.headers.get('cookie', None)}
2026-01-16 11:03:26,439 - WARNING - [DEBUG-MIDDLEWARE] path=/autorizaciones/pendientes headers={'authorization': request.headers.get('authorization', None), 'cookie': request.headers.get('cookie', None)}
2026-01-16 11:03:26,440 - WARNING - [DEBUG-MIDDLEWARE] path=/autorizaciones/procesadas headers={'authorization': request.headers.get('authorization', None), 'cookie': request.headers.get('cookie', None)}
2026-01-16 11:03:26,442 - WARNING - [DEBUG-AUTORIZACIONES] Endpoint: pendientes | usuario=admin rol=admin (normalizado=admin)
2026-01-16 11:03:26,442 - WARNING - [DEBUG-AUTORIZACIONES] fetchall() sin resultados o error: No results.  Previous SQL was not a query.
2026-01-16 11:03:26,446 - WARNING - [DEBUG-AUTORIZACIONES] Endpoint: procesadas | usuario=admin rol=admin (normalizado=admin)
2026-01-16 11:06:39,385 - WARNING - [DEBUG-MIDDLEWARE] path=/auth/login headers={'authorization': request.headers.get('authorization', None), 'cookie': request.headers.get('cookie', None)}
2026-01-16 11:06:39,386 - WARNING - [DEBUG-MIDDLEWARE] path=/auth/login headers={'authorization': request.headers.get('authorization', None), 'cookie': request.headers.get('cookie', None)}
